2016-02-02 11:37:15,250 INFO main [controller.jhernandez.host.Host] - Iniciando aplicación..
2016-02-02 11:37:16,772 ERROR AWT-EventQueue-0 [model.jhernandez.dataAccess.DataAccess] - causa: null
2016-02-02 11:37:16,776 ERROR AWT-EventQueue-0 [model.jhernandez.dataAccess.DataAccess] - Mensaje: Access denied for user 'root'@'localhost' (using password: YES)
2016-02-02 11:37:16,776 ERROR AWT-EventQueue-0 [model.jhernandez.dataAccess.DataAccess] - Localizacion: Access denied for user 'root'@'localhost' (using password: YES)
2016-02-02 11:37:16,777 ERROR AWT-EventQueue-0 [model.jhernandez.dataAccess.DataAccess] - Traza: [com.mysql.jdbc.SQLError.createSQLException(SQLError.java:1074), com.mysql.jdbc.MysqlIO.checkErrorPacket(MysqlIO.java:4120), com.mysql.jdbc.MysqlIO.checkErrorPacket(MysqlIO.java:4052), com.mysql.jdbc.MysqlIO.checkErrorPacket(MysqlIO.java:925), com.mysql.jdbc.MysqlIO.proceedHandshakeWithPluggableAuthentication(MysqlIO.java:1704), com.mysql.jdbc.MysqlIO.doHandshake(MysqlIO.java:1250), com.mysql.jdbc.ConnectionImpl.coreConnect(ConnectionImpl.java:2465), com.mysql.jdbc.ConnectionImpl.connectOneTryOnly(ConnectionImpl.java:2498), com.mysql.jdbc.ConnectionImpl.createNewIO(ConnectionImpl.java:2283), com.mysql.jdbc.ConnectionImpl.<init>(ConnectionImpl.java:822), com.mysql.jdbc.JDBC4Connection.<init>(JDBC4Connection.java:47), sun.reflect.NativeConstructorAccessorImpl.newInstance0(Native Method), sun.reflect.NativeConstructorAccessorImpl.newInstance(NativeConstructorAccessorImpl.java:62), sun.reflect.DelegatingConstructorAccessorImpl.newInstance(DelegatingConstructorAccessorImpl.java:45), java.lang.reflect.Constructor.newInstance(Constructor.java:422), com.mysql.jdbc.Util.handleNewInstance(Util.java:411), com.mysql.jdbc.ConnectionImpl.getInstance(ConnectionImpl.java:404), com.mysql.jdbc.NonRegisteringDriver.connect(NonRegisteringDriver.java:317), java.sql.DriverManager.getConnection(DriverManager.java:664), java.sql.DriverManager.getConnection(DriverManager.java:247), model.jhernandez.dataAccess.DataAccess.connectBD(DataAccess.java:59), model.jhernandez.dataAccess.DataAccess.getInstance(DataAccess.java:128), controller.jhernandez.splashScreen.SplashScreen.loadingSplash(SplashScreen.java:45), controller.jhernandez.host.Host.lambda$main$10(Host.java:29), controller.jhernandez.host.Host$$Lambda$1/1717159510.run(Unknown Source), java.awt.event.InvocationEvent.dispatch(InvocationEvent.java:301), java.awt.EventQueue.dispatchEventImpl(EventQueue.java:756), java.awt.EventQueue.access$500(EventQueue.java:97), java.awt.EventQueue$3.run(EventQueue.java:709), java.awt.EventQueue$3.run(EventQueue.java:703), java.security.AccessController.doPrivileged(Native Method), java.security.ProtectionDomain$1.doIntersectionPrivilege(ProtectionDomain.java:75), java.awt.EventQueue.dispatchEvent(EventQueue.java:726), java.awt.EventDispatchThread.pumpOneEventForFilters(EventDispatchThread.java:201), java.awt.EventDispatchThread.pumpEventsForFilter(EventDispatchThread.java:116), java.awt.EventDispatchThread.pumpEventsForHierarchy(EventDispatchThread.java:105), java.awt.EventDispatchThread.pumpEvents(EventDispatchThread.java:101), java.awt.EventDispatchThread.pumpEvents(EventDispatchThread.java:93), java.awt.EventDispatchThread.run(EventDispatchThread.java:82)]
2016-02-02 11:37:16,778 FATAL AWT-EventQueue-0 [model.jhernandez.dataAccess.DataAccess] - Access denied for user 'root'@'localhost' (using password: YES)
java.sql.SQLException: Access denied for user 'root'@'localhost' (using password: YES)
	at com.mysql.jdbc.SQLError.createSQLException(SQLError.java:1074)
	at com.mysql.jdbc.MysqlIO.checkErrorPacket(MysqlIO.java:4120)
	at com.mysql.jdbc.MysqlIO.checkErrorPacket(MysqlIO.java:4052)
	at com.mysql.jdbc.MysqlIO.checkErrorPacket(MysqlIO.java:925)
	at com.mysql.jdbc.MysqlIO.proceedHandshakeWithPluggableAuthentication(MysqlIO.java:1704)
	at com.mysql.jdbc.MysqlIO.doHandshake(MysqlIO.java:1250)
	at com.mysql.jdbc.ConnectionImpl.coreConnect(ConnectionImpl.java:2465)
	at com.mysql.jdbc.ConnectionImpl.connectOneTryOnly(ConnectionImpl.java:2498)
	at com.mysql.jdbc.ConnectionImpl.createNewIO(ConnectionImpl.java:2283)
	at com.mysql.jdbc.ConnectionImpl.<init>(ConnectionImpl.java:822)
	at com.mysql.jdbc.JDBC4Connection.<init>(JDBC4Connection.java:47)
	at sun.reflect.NativeConstructorAccessorImpl.newInstance0(Native Method)
	at sun.reflect.NativeConstructorAccessorImpl.newInstance(NativeConstructorAccessorImpl.java:62)
	at sun.reflect.DelegatingConstructorAccessorImpl.newInstance(DelegatingConstructorAccessorImpl.java:45)
	at java.lang.reflect.Constructor.newInstance(Constructor.java:422)
	at com.mysql.jdbc.Util.handleNewInstance(Util.java:411)
	at com.mysql.jdbc.ConnectionImpl.getInstance(ConnectionImpl.java:404)
	at com.mysql.jdbc.NonRegisteringDriver.connect(NonRegisteringDriver.java:317)
	at java.sql.DriverManager.getConnection(DriverManager.java:664)
	at java.sql.DriverManager.getConnection(DriverManager.java:247)
	at model.jhernandez.dataAccess.DataAccess.connectBD(DataAccess.java:59)
	at model.jhernandez.dataAccess.DataAccess.getInstance(DataAccess.java:128)
	at controller.jhernandez.splashScreen.SplashScreen.loadingSplash(SplashScreen.java:45)
	at controller.jhernandez.host.Host.lambda$main$10(Host.java:29)
	at controller.jhernandez.host.Host$$Lambda$1/1717159510.run(Unknown Source)
	at java.awt.event.InvocationEvent.dispatch(InvocationEvent.java:301)
	at java.awt.EventQueue.dispatchEventImpl(EventQueue.java:756)
	at java.awt.EventQueue.access$500(EventQueue.java:97)
	at java.awt.EventQueue$3.run(EventQueue.java:709)
	at java.awt.EventQueue$3.run(EventQueue.java:703)
	at java.security.AccessController.doPrivileged(Native Method)
	at java.security.ProtectionDomain$1.doIntersectionPrivilege(ProtectionDomain.java:75)
	at java.awt.EventQueue.dispatchEvent(EventQueue.java:726)
	at java.awt.EventDispatchThread.pumpOneEventForFilters(EventDispatchThread.java:201)
	at java.awt.EventDispatchThread.pumpEventsForFilter(EventDispatchThread.java:116)
	at java.awt.EventDispatchThread.pumpEventsForHierarchy(EventDispatchThread.java:105)
	at java.awt.EventDispatchThread.pumpEvents(EventDispatchThread.java:101)
	at java.awt.EventDispatchThread.pumpEvents(EventDispatchThread.java:93)
	at java.awt.EventDispatchThread.run(EventDispatchThread.java:82)
